Arguments: 
  /usr/local/bin/node /usr/local/Cellar/yarn/1.12.3/libexec/bin/yarn.js start

PATH: 
  /usr/local/bin:/usr/bin:/bin:/usr/sbin:/sbin

Yarn version: 
  1.12.3

Node version: 
  10.14.1

Platform: 
  darwin x64

Trace: 
  SyntaxError: /Users/insighter/Desktop/mia/study/typechain/typechain/package.json: Unexpected token / in JSON at position 338
      at JSON.parse (<anonymous>)
      at /usr/local/Cellar/yarn/1.12.3/libexec/lib/cli.js:1631:59
      at Generator.next (<anonymous>)
      at step (/usr/local/Cellar/yarn/1.12.3/libexec/lib/cli.js:304:30)
      at /usr/local/Cellar/yarn/1.12.3/libexec/lib/cli.js:315:13

npm manifest: 
  {
    "name": "typechain",
    "version": "1.0.0",
    "description": "Learning Typescript by making a Blockchain with it",
    "main": "index.js",
    "repository": "https://jina95@github.com/jina95/typechain.git",
    "author": "jina95 <spzn02@gmail.com>",
    "license": "MIT",
    "dependencies": {
      "typescript": "^4.0.2"
    },
    "scripts": {
      //yarn start  를 입력하면 node index.js 가 실행
      "start": "node에서 index.js",
      "prestart": "tsc"
      // yarn start -> prestart -> start
    }
  }

yarn manifest: 
  No manifest

Lockfile: 
  # THIS IS AN AUTOGENERATED FILE. DO NOT EDIT THIS FILE DIRECTLY.
  # yarn lockfile v1
  
  
  typescript@^4.0.2:
    version "4.0.2"
    resolved "https://registry.yarnpkg.com/typescript/-/typescript-4.0.2.tgz#7ea7c88777c723c681e33bf7988be5d008d05ac2"
    integrity sha512-e4ERvRV2wb+rRZ/IQeb3jm2VxBsirQLpQhdxplZ2MEzGvDkkMmPglecnNDfSUBivMjP93vRbngYYDQqQ/78bcQ==
